<?xml version="1.0" encoding="UTF-8"?>
<!-- Generated by org.testng.reporters.JUnitReportReporter -->
<testsuite skipped="0" hostname="Nagababu" name="com.demoproject.SampleCRM.SuiteA.LoginTest" tests="1" failures="0" timestamp="20 Nov 2020 15:29:55 GMT" time="0.018" errors="0">
  <testcase name="f" time="0.018" classname="com.demoproject.SampleCRM.SuiteA.LoginTest"/>
</testsuite> <!-- com.demoproject.SampleCRM.SuiteA.LoginTest -->
