<?xml version="1.0" encoding="UTF-8"?>
<!-- Generated by org.testng.reporters.JUnitReportReporter -->
<testsuite skipped="0" hostname="Nagababu" name="com.demoproject.SampleCRM.SuiteB.Testx" tests="1" failures="0" timestamp="23 Nov 2020 07:58:25 GMT" time="0.651" errors="0">
  <testcase name="f" time="0.651" classname="com.demoproject.SampleCRM.SuiteB.Testx"/>
</testsuite> <!-- com.demoproject.SampleCRM.SuiteB.Testx -->
