<?xml version="1.0" encoding="UTF-8"?>
<!-- Generated by org.testng.reporters.JUnitReportReporter -->
<testsuite skipped="0" hostname="Nagababu" name="com.demoproject.SampleCRM.SuiteA.LoginTest" tests="1" failures="0" timestamp="23 Nov 2020 07:57:46 GMT" time="0.762" errors="0">
  <testcase name="f" time="0.762" classname="com.demoproject.SampleCRM.SuiteA.LoginTest"/>
</testsuite> <!-- com.demoproject.SampleCRM.SuiteA.LoginTest -->
